CRITICAL - 2022-06-15 05:06:37 --> Invalid file: news/success.php
in SYSTEMPATH/Exceptions/FrameworkException.php on line 33.
 1 SYSTEMPATH/View/View.php(201): CodeIgniter\Exceptions\FrameworkException::forInvalidFile('news/success.php')
 2 SYSTEMPATH/Common.php(1135): CodeIgniter\View\View->render('news/success', [], true)
 3 APPPATH/Controllers/News.php(54): view('news/success')
 4 SYSTEMPATH/CodeIgniter.php(898): App\Controllers\News->create()
 5 SYSTEMPATH/CodeIgniter.php(468): CodeIgniter\CodeIgniter->runController(Object(App\Controllers\News))
 6 SYSTEMPATH/CodeIgniter.php(351): CodeIgniter\CodeIgniter->handleRequest(null, Object(Config\Cache), false)
 7 FCPATH/index.php(55): CodeIgniter\CodeIgniter->run()
 8 SYSTEMPATH/Commands/Server/rewrite.php(43): require_once('FCPATH/index.php')
CRITICAL - 2022-06-15 05:52:20 --> Undefined variable $news_item
in APPPATH/Views/news/view.php on line 8.
 1 APPPATH/Views/news/view.php(8): CodeIgniter\Debug\Exceptions->errorHandler(2, 'Undefined variable $news_item', 'APPPATH/Views/news/view.php', 8)
 2 SYSTEMPATH/View/View.php(213): include('APPPATH/Views/news/view.php')
 3 SYSTEMPATH/View/View.php(216): CodeIgniter\View\View->CodeIgniter\View\{closure}()
 4 SYSTEMPATH/Common.php(1135): CodeIgniter\View\View->render('news/view', [], true)
 5 APPPATH/Controllers/News.php(36): view('news/view')
 6 SYSTEMPATH/CodeIgniter.php(898): App\Controllers\News->view('elvis-sighted')
 7 SYSTEMPATH/CodeIgniter.php(468): CodeIgniter\CodeIgniter->runController(Object(App\Controllers\News))
 8 SYSTEMPATH/CodeIgniter.php(351): CodeIgniter\CodeIgniter->handleRequest(null, Object(Config\Cache), false)
 9 FCPATH/index.php(55): CodeIgniter\CodeIgniter->run()
10 SYSTEMPATH/Commands/Server/rewrite.php(43): require_once('FCPATH/index.php')
CRITICAL - 2022-06-15 06:15:41 --> Unclosed '{' on line 85 does not match ')'
in APPPATH/Controllers/News.php on line 91.
 1 SYSTEMPATH/Autoloader/Autoloader.php(261): CodeIgniter\Autoloader\Autoloader->includeFile('APPPATH/Controllers/News.php')
 2 SYSTEMPATH/Autoloader/Autoloader.php(239): CodeIgniter\Autoloader\Autoloader->loadInNamespace('App\\Controllers\\News')
 3 [internal function]: CodeIgniter\Autoloader\Autoloader->loadClass('App\\Controllers\\News')
 4 SYSTEMPATH/CodeIgniter.php(848): class_exists('\\App\\Controllers\\News', true)
 5 SYSTEMPATH/CodeIgniter.php(455): CodeIgniter\CodeIgniter->startController()
 6 SYSTEMPATH/CodeIgniter.php(351): CodeIgniter\CodeIgniter->handleRequest(null, Object(Config\Cache), false)
 7 FCPATH/index.php(55): CodeIgniter\CodeIgniter->run()
 8 SYSTEMPATH/Commands/Server/rewrite.php(43): require_once('FCPATH/index.php')
CRITICAL - 2022-06-15 06:21:15 --> There is no data to update.
in SYSTEMPATH/BaseModel.php on line 1576.
 1 SYSTEMPATH/BaseModel.php(1576): CodeIgniter\Database\Exceptions\DataException::forEmptyDataset('update')
 2 SYSTEMPATH/BaseModel.php(832): CodeIgniter\BaseModel->transformDataToArray(null, 'update')
 3 SYSTEMPATH/Model.php(692): CodeIgniter\BaseModel->update([...], null)
 4 APPPATH/Controllers/News.php(94): CodeIgniter\Model->update([...])
 5 SYSTEMPATH/CodeIgniter.php(898): App\Controllers\News->update('test')
 6 SYSTEMPATH/CodeIgniter.php(468): CodeIgniter\CodeIgniter->runController(Object(App\Controllers\News))
 7 SYSTEMPATH/CodeIgniter.php(351): CodeIgniter\CodeIgniter->handleRequest(null, Object(Config\Cache), false)
 8 FCPATH/index.php(55): CodeIgniter\CodeIgniter->run()
 9 SYSTEMPATH/Commands/Server/rewrite.php(43): require_once('FCPATH/index.php')
CRITICAL - 2022-06-15 06:34:27 --> There is no data to update.
in SYSTEMPATH/BaseModel.php on line 1576.
 1 SYSTEMPATH/BaseModel.php(1576): CodeIgniter\Database\Exceptions\DataException::forEmptyDataset('update')
 2 SYSTEMPATH/BaseModel.php(832): CodeIgniter\BaseModel->transformDataToArray(null, 'update')
 3 SYSTEMPATH/Model.php(692): CodeIgniter\BaseModel->update([...], null)
 4 APPPATH/Controllers/News.php(94): CodeIgniter\Model->update([...])
 5 SYSTEMPATH/CodeIgniter.php(898): App\Controllers\News->update('test')
 6 SYSTEMPATH/CodeIgniter.php(468): CodeIgniter\CodeIgniter->runController(Object(App\Controllers\News))
 7 SYSTEMPATH/CodeIgniter.php(351): CodeIgniter\CodeIgniter->handleRequest(null, Object(Config\Cache), false)
 8 FCPATH/index.php(55): CodeIgniter\CodeIgniter->run()
 9 SYSTEMPATH/Commands/Server/rewrite.php(43): require_once('FCPATH/index.php')
CRITICAL - 2022-06-15 06:36:40 --> There is no data to update.
in SYSTEMPATH/BaseModel.php on line 1576.
 1 SYSTEMPATH/BaseModel.php(1576): CodeIgniter\Database\Exceptions\DataException::forEmptyDataset('update')
 2 SYSTEMPATH/BaseModel.php(832): CodeIgniter\BaseModel->transformDataToArray(null, 'update')
 3 SYSTEMPATH/Model.php(692): CodeIgniter\BaseModel->update([...], null)
 4 APPPATH/Controllers/News.php(96): CodeIgniter\Model->update([...])
 5 SYSTEMPATH/CodeIgniter.php(898): App\Controllers\News->update('test')
 6 SYSTEMPATH/CodeIgniter.php(468): CodeIgniter\CodeIgniter->runController(Object(App\Controllers\News))
 7 SYSTEMPATH/CodeIgniter.php(351): CodeIgniter\CodeIgniter->handleRequest(null, Object(Config\Cache), false)
 8 FCPATH/index.php(55): CodeIgniter\CodeIgniter->run()
 9 SYSTEMPATH/Commands/Server/rewrite.php(43): require_once('FCPATH/index.php')
CRITICAL - 2022-06-15 06:38:42 --> There is no data to update.
in SYSTEMPATH/BaseModel.php on line 1576.
 1 SYSTEMPATH/BaseModel.php(1576): CodeIgniter\Database\Exceptions\DataException::forEmptyDataset('update')
 2 SYSTEMPATH/BaseModel.php(832): CodeIgniter\BaseModel->transformDataToArray(null, 'update')
 3 SYSTEMPATH/Model.php(692): CodeIgniter\BaseModel->update([...], null)
 4 APPPATH/Controllers/News.php(96): CodeIgniter\Model->update([...])
 5 SYSTEMPATH/CodeIgniter.php(898): App\Controllers\News->update('test')
 6 SYSTEMPATH/CodeIgniter.php(468): CodeIgniter\CodeIgniter->runController(Object(App\Controllers\News))
 7 SYSTEMPATH/CodeIgniter.php(351): CodeIgniter\CodeIgniter->handleRequest(null, Object(Config\Cache), false)
 8 FCPATH/index.php(55): CodeIgniter\CodeIgniter->run()
 9 SYSTEMPATH/Commands/Server/rewrite.php(43): require_once('FCPATH/index.php')
CRITICAL - 2022-06-15 06:39:46 --> There is no data to update.
in SYSTEMPATH/BaseModel.php on line 1576.
 1 SYSTEMPATH/BaseModel.php(1576): CodeIgniter\Database\Exceptions\DataException::forEmptyDataset('update')
 2 SYSTEMPATH/BaseModel.php(832): CodeIgniter\BaseModel->transformDataToArray(null, 'update')
 3 SYSTEMPATH/Model.php(692): CodeIgniter\BaseModel->update([...], null)
 4 APPPATH/Controllers/News.php(96): CodeIgniter\Model->update([...])
 5 SYSTEMPATH/CodeIgniter.php(898): App\Controllers\News->update('test')
 6 SYSTEMPATH/CodeIgniter.php(468): CodeIgniter\CodeIgniter->runController(Object(App\Controllers\News))
 7 SYSTEMPATH/CodeIgniter.php(351): CodeIgniter\CodeIgniter->handleRequest(null, Object(Config\Cache), false)
 8 FCPATH/index.php(55): CodeIgniter\CodeIgniter->run()
 9 SYSTEMPATH/Commands/Server/rewrite.php(43): require_once('FCPATH/index.php')
CRITICAL - 2022-06-15 06:39:52 --> There is no data to update.
in SYSTEMPATH/BaseModel.php on line 1576.
 1 SYSTEMPATH/BaseModel.php(1576): CodeIgniter\Database\Exceptions\DataException::forEmptyDataset('update')
 2 SYSTEMPATH/BaseModel.php(832): CodeIgniter\BaseModel->transformDataToArray(null, 'update')
 3 SYSTEMPATH/Model.php(692): CodeIgniter\BaseModel->update([...], null)
 4 APPPATH/Controllers/News.php(96): CodeIgniter\Model->update([...])
 5 SYSTEMPATH/CodeIgniter.php(898): App\Controllers\News->update('test')
 6 SYSTEMPATH/CodeIgniter.php(468): CodeIgniter\CodeIgniter->runController(Object(App\Controllers\News))
 7 SYSTEMPATH/CodeIgniter.php(351): CodeIgniter\CodeIgniter->handleRequest(null, Object(Config\Cache), false)
 8 FCPATH/index.php(55): CodeIgniter\CodeIgniter->run()
 9 SYSTEMPATH/Commands/Server/rewrite.php(43): require_once('FCPATH/index.php')
CRITICAL - 2022-06-15 06:40:08 --> There is no data to update.
in SYSTEMPATH/BaseModel.php on line 1576.
 1 SYSTEMPATH/BaseModel.php(1576): CodeIgniter\Database\Exceptions\DataException::forEmptyDataset('update')
 2 SYSTEMPATH/BaseModel.php(832): CodeIgniter\BaseModel->transformDataToArray(null, 'update')
 3 SYSTEMPATH/Model.php(692): CodeIgniter\BaseModel->update([...], null)
 4 APPPATH/Controllers/News.php(96): CodeIgniter\Model->update([...])
 5 SYSTEMPATH/CodeIgniter.php(898): App\Controllers\News->update('test')
 6 SYSTEMPATH/CodeIgniter.php(468): CodeIgniter\CodeIgniter->runController(Object(App\Controllers\News))
 7 SYSTEMPATH/CodeIgniter.php(351): CodeIgniter\CodeIgniter->handleRequest(null, Object(Config\Cache), false)
 8 FCPATH/index.php(55): CodeIgniter\CodeIgniter->run()
 9 SYSTEMPATH/Commands/Server/rewrite.php(43): require_once('FCPATH/index.php')
CRITICAL - 2022-06-15 06:40:46 --> There is no data to update.
in SYSTEMPATH/BaseModel.php on line 1576.
 1 SYSTEMPATH/BaseModel.php(1576): CodeIgniter\Database\Exceptions\DataException::forEmptyDataset('update')
 2 SYSTEMPATH/BaseModel.php(832): CodeIgniter\BaseModel->transformDataToArray(null, 'update')
 3 SYSTEMPATH/Model.php(692): CodeIgniter\BaseModel->update([...], null)
 4 APPPATH/Controllers/News.php(98): CodeIgniter\Model->update([...])
 5 SYSTEMPATH/CodeIgniter.php(898): App\Controllers\News->update('test')
 6 SYSTEMPATH/CodeIgniter.php(468): CodeIgniter\CodeIgniter->runController(Object(App\Controllers\News))
 7 SYSTEMPATH/CodeIgniter.php(351): CodeIgniter\CodeIgniter->handleRequest(null, Object(Config\Cache), false)
 8 FCPATH/index.php(55): CodeIgniter\CodeIgniter->run()
 9 SYSTEMPATH/Commands/Server/rewrite.php(43): require_once('FCPATH/index.php')
CRITICAL - 2022-06-15 06:42:47 --> There is no data to update.
in SYSTEMPATH/BaseModel.php on line 1576.
 1 SYSTEMPATH/BaseModel.php(1576): CodeIgniter\Database\Exceptions\DataException::forEmptyDataset('update')
 2 SYSTEMPATH/BaseModel.php(832): CodeIgniter\BaseModel->transformDataToArray(null, 'update')
 3 SYSTEMPATH/Model.php(692): CodeIgniter\BaseModel->update([...], null)
 4 APPPATH/Controllers/News.php(98): CodeIgniter\Model->update([...])
 5 SYSTEMPATH/CodeIgniter.php(898): App\Controllers\News->update('test')
 6 SYSTEMPATH/CodeIgniter.php(468): CodeIgniter\CodeIgniter->runController(Object(App\Controllers\News))
 7 SYSTEMPATH/CodeIgniter.php(351): CodeIgniter\CodeIgniter->handleRequest(null, Object(Config\Cache), false)
 8 FCPATH/index.php(55): CodeIgniter\CodeIgniter->run()
 9 SYSTEMPATH/Commands/Server/rewrite.php(43): require_once('FCPATH/index.php')
CRITICAL - 2022-06-15 06:48:58 --> There is no data to update.
in SYSTEMPATH/BaseModel.php on line 1576.
 1 SYSTEMPATH/BaseModel.php(1576): CodeIgniter\Database\Exceptions\DataException::forEmptyDataset('update')
 2 SYSTEMPATH/BaseModel.php(832): CodeIgniter\BaseModel->transformDataToArray(null, 'update')
 3 SYSTEMPATH/Model.php(692): CodeIgniter\BaseModel->update([...], null)
 4 APPPATH/Controllers/News.php(100): CodeIgniter\Model->update([...])
 5 SYSTEMPATH/CodeIgniter.php(898): App\Controllers\News->update('test')
 6 SYSTEMPATH/CodeIgniter.php(468): CodeIgniter\CodeIgniter->runController(Object(App\Controllers\News))
 7 SYSTEMPATH/CodeIgniter.php(351): CodeIgniter\CodeIgniter->handleRequest(null, Object(Config\Cache), false)
 8 FCPATH/index.php(55): CodeIgniter\CodeIgniter->run()
 9 SYSTEMPATH/Commands/Server/rewrite.php(43): require_once('FCPATH/index.php')
CRITICAL - 2022-06-15 06:49:33 --> There is no data to update.
in SYSTEMPATH/BaseModel.php on line 1576.
 1 SYSTEMPATH/BaseModel.php(1576): CodeIgniter\Database\Exceptions\DataException::forEmptyDataset('update')
 2 SYSTEMPATH/BaseModel.php(832): CodeIgniter\BaseModel->transformDataToArray(null, 'update')
 3 SYSTEMPATH/Model.php(692): CodeIgniter\BaseModel->update([...], null)
 4 APPPATH/Controllers/News.php(99): CodeIgniter\Model->update([...])
 5 SYSTEMPATH/CodeIgniter.php(898): App\Controllers\News->update('test')
 6 SYSTEMPATH/CodeIgniter.php(468): CodeIgniter\CodeIgniter->runController(Object(App\Controllers\News))
 7 SYSTEMPATH/CodeIgniter.php(351): CodeIgniter\CodeIgniter->handleRequest(null, Object(Config\Cache), false)
 8 FCPATH/index.php(55): CodeIgniter\CodeIgniter->run()
 9 SYSTEMPATH/Commands/Server/rewrite.php(43): require_once('FCPATH/index.php')
CRITICAL - 2022-06-15 06:54:31 --> There is no data to update.
in SYSTEMPATH/BaseModel.php on line 1576.
 1 SYSTEMPATH/BaseModel.php(1576): CodeIgniter\Database\Exceptions\DataException::forEmptyDataset('update')
 2 SYSTEMPATH/BaseModel.php(832): CodeIgniter\BaseModel->transformDataToArray(null, 'update')
 3 SYSTEMPATH/Model.php(692): CodeIgniter\BaseModel->update([...], null)
 4 APPPATH/Controllers/News.php(99): CodeIgniter\Model->update([...])
 5 SYSTEMPATH/CodeIgniter.php(898): App\Controllers\News->update('test')
 6 SYSTEMPATH/CodeIgniter.php(468): CodeIgniter\CodeIgniter->runController(Object(App\Controllers\News))
 7 SYSTEMPATH/CodeIgniter.php(351): CodeIgniter\CodeIgniter->handleRequest(null, Object(Config\Cache), false)
 8 FCPATH/index.php(55): CodeIgniter\CodeIgniter->run()
 9 SYSTEMPATH/Commands/Server/rewrite.php(43): require_once('FCPATH/index.php')
CRITICAL - 2022-06-15 06:54:39 --> There is no data to update.
in SYSTEMPATH/BaseModel.php on line 1576.
 1 SYSTEMPATH/BaseModel.php(1576): CodeIgniter\Database\Exceptions\DataException::forEmptyDataset('update')
 2 SYSTEMPATH/BaseModel.php(832): CodeIgniter\BaseModel->transformDataToArray(null, 'update')
 3 SYSTEMPATH/Model.php(692): CodeIgniter\BaseModel->update([...], null)
 4 APPPATH/Controllers/News.php(99): CodeIgniter\Model->update([...])
 5 SYSTEMPATH/CodeIgniter.php(898): App\Controllers\News->update('test')
 6 SYSTEMPATH/CodeIgniter.php(468): CodeIgniter\CodeIgniter->runController(Object(App\Controllers\News))
 7 SYSTEMPATH/CodeIgniter.php(351): CodeIgniter\CodeIgniter->handleRequest(null, Object(Config\Cache), false)
 8 FCPATH/index.php(55): CodeIgniter\CodeIgniter->run()
 9 SYSTEMPATH/Commands/Server/rewrite.php(43): require_once('FCPATH/index.php')
CRITICAL - 2022-06-15 06:55:34 --> There is no data to update.
in SYSTEMPATH/BaseModel.php on line 1576.
 1 SYSTEMPATH/BaseModel.php(1576): CodeIgniter\Database\Exceptions\DataException::forEmptyDataset('update')
 2 SYSTEMPATH/BaseModel.php(832): CodeIgniter\BaseModel->transformDataToArray(null, 'update')
 3 SYSTEMPATH/Model.php(692): CodeIgniter\BaseModel->update([...], null)
 4 APPPATH/Controllers/News.php(99): CodeIgniter\Model->update([...])
 5 SYSTEMPATH/CodeIgniter.php(898): App\Controllers\News->update('test')
 6 SYSTEMPATH/CodeIgniter.php(468): CodeIgniter\CodeIgniter->runController(Object(App\Controllers\News))
 7 SYSTEMPATH/CodeIgniter.php(351): CodeIgniter\CodeIgniter->handleRequest(null, Object(Config\Cache), false)
 8 FCPATH/index.php(55): CodeIgniter\CodeIgniter->run()
 9 SYSTEMPATH/Commands/Server/rewrite.php(43): require_once('FCPATH/index.php')
CRITICAL - 2022-06-15 06:58:06 --> There is no data to update.
in SYSTEMPATH/BaseModel.php on line 1576.
 1 SYSTEMPATH/BaseModel.php(1576): CodeIgniter\Database\Exceptions\DataException::forEmptyDataset('update')
 2 SYSTEMPATH/BaseModel.php(832): CodeIgniter\BaseModel->transformDataToArray(null, 'update')
 3 SYSTEMPATH/Model.php(692): CodeIgniter\BaseModel->update([...], null)
 4 APPPATH/Controllers/News.php(99): CodeIgniter\Model->update([...])
 5 SYSTEMPATH/CodeIgniter.php(898): App\Controllers\News->update('test')
 6 SYSTEMPATH/CodeIgniter.php(468): CodeIgniter\CodeIgniter->runController(Object(App\Controllers\News))
 7 SYSTEMPATH/CodeIgniter.php(351): CodeIgniter\CodeIgniter->handleRequest(null, Object(Config\Cache), false)
 8 FCPATH/index.php(55): CodeIgniter\CodeIgniter->run()
 9 SYSTEMPATH/Commands/Server/rewrite.php(43): require_once('FCPATH/index.php')
CRITICAL - 2022-06-15 06:59:47 --> CodeIgniter\BaseModel::transformDataToArray(): Return value must be of type array, string returned
in SYSTEMPATH/BaseModel.php on line 1598.
 1 SYSTEMPATH/BaseModel.php(832): CodeIgniter\BaseModel->transformDataToArray('id = 6', 'update')
 2 SYSTEMPATH/Model.php(692): CodeIgniter\BaseModel->update([...], 'id = 6')
 3 APPPATH/Controllers/News.php(99): CodeIgniter\Model->update([...], 'id = 6')
 4 SYSTEMPATH/CodeIgniter.php(898): App\Controllers\News->update('test')
 5 SYSTEMPATH/CodeIgniter.php(468): CodeIgniter\CodeIgniter->runController(Object(App\Controllers\News))
 6 SYSTEMPATH/CodeIgniter.php(351): CodeIgniter\CodeIgniter->handleRequest(null, Object(Config\Cache), false)
 7 FCPATH/index.php(55): CodeIgniter\CodeIgniter->run()
 8 SYSTEMPATH/Commands/Server/rewrite.php(43): require_once('FCPATH/index.php')
CRITICAL - 2022-06-15 07:02:18 --> whereIn() expects $values to be of type array or closure
in SYSTEMPATH/Database/BaseBuilder.php on line 907.
 1 SYSTEMPATH/Database/BaseBuilder.php(789): CodeIgniter\Database\BaseBuilder->_whereIn('news.id', Object(App\Models\NewsModel), false, 'AND ', null)
 2 SYSTEMPATH/Model.php(329): CodeIgniter\Database\BaseBuilder->whereIn('news.id', Object(App\Models\NewsModel))
 3 SYSTEMPATH/BaseModel.php(865): CodeIgniter\Model->doUpdate(Object(App\Models\NewsModel), [...])
 4 SYSTEMPATH/Model.php(692): CodeIgniter\BaseModel->update(Object(App\Models\NewsModel), [...])
 5 APPPATH/Controllers/News.php(99): CodeIgniter\Model->update(Object(App\Models\NewsModel), [...])
 6 SYSTEMPATH/CodeIgniter.php(898): App\Controllers\News->update('test')
 7 SYSTEMPATH/CodeIgniter.php(468): CodeIgniter\CodeIgniter->runController(Object(App\Controllers\News))
 8 SYSTEMPATH/CodeIgniter.php(351): CodeIgniter\CodeIgniter->handleRequest(null, Object(Config\Cache), false)
 9 FCPATH/index.php(55): CodeIgniter\CodeIgniter->run()
10 SYSTEMPATH/Commands/Server/rewrite.php(43): require_once('FCPATH/index.php')
CRITICAL - 2022-06-15 07:02:51 --> There is no data to update.
in SYSTEMPATH/BaseModel.php on line 1576.
 1 SYSTEMPATH/BaseModel.php(1576): CodeIgniter\Database\Exceptions\DataException::forEmptyDataset('update')
 2 SYSTEMPATH/BaseModel.php(832): CodeIgniter\BaseModel->transformDataToArray(null, 'update')
 3 SYSTEMPATH/Model.php(692): CodeIgniter\BaseModel->update([...], null)
 4 APPPATH/Controllers/News.php(99): CodeIgniter\Model->update([...])
 5 SYSTEMPATH/CodeIgniter.php(898): App\Controllers\News->update('test')
 6 SYSTEMPATH/CodeIgniter.php(468): CodeIgniter\CodeIgniter->runController(Object(App\Controllers\News))
 7 SYSTEMPATH/CodeIgniter.php(351): CodeIgniter\CodeIgniter->handleRequest(null, Object(Config\Cache), false)
 8 FCPATH/index.php(55): CodeIgniter\CodeIgniter->run()
 9 SYSTEMPATH/Commands/Server/rewrite.php(43): require_once('FCPATH/index.php')
CRITICAL - 2022-06-15 23:42:43 --> There is no data to update.
in SYSTEMPATH/BaseModel.php on line 1576.
 1 SYSTEMPATH/BaseModel.php(1576): CodeIgniter\Database\Exceptions\DataException::forEmptyDataset('update')
 2 SYSTEMPATH/BaseModel.php(832): CodeIgniter\BaseModel->transformDataToArray(null, 'update')
 3 SYSTEMPATH/Model.php(692): CodeIgniter\BaseModel->update([...], null)
 4 APPPATH/Controllers/News.php(99): CodeIgniter\Model->update([...])
 5 SYSTEMPATH/CodeIgniter.php(898): App\Controllers\News->update('test')
 6 SYSTEMPATH/CodeIgniter.php(468): CodeIgniter\CodeIgniter->runController(Object(App\Controllers\News))
 7 SYSTEMPATH/CodeIgniter.php(351): CodeIgniter\CodeIgniter->handleRequest(null, Object(Config\Cache), false)
 8 FCPATH/index.php(55): CodeIgniter\CodeIgniter->run()
 9 SYSTEMPATH/Commands/Server/rewrite.php(43): require_once('FCPATH/index.php')
CRITICAL - 2022-06-15 23:47:53 --> There is no data to update.
in SYSTEMPATH/BaseModel.php on line 1576.
 1 SYSTEMPATH/BaseModel.php(1576): CodeIgniter\Database\Exceptions\DataException::forEmptyDataset('update')
 2 SYSTEMPATH/BaseModel.php(832): CodeIgniter\BaseModel->transformDataToArray(null, 'update')
 3 SYSTEMPATH/Model.php(692): CodeIgniter\BaseModel->update([...], null)
 4 APPPATH/Controllers/News.php(98): CodeIgniter\Model->update([...])
 5 SYSTEMPATH/CodeIgniter.php(898): App\Controllers\News->update('test')
 6 SYSTEMPATH/CodeIgniter.php(468): CodeIgniter\CodeIgniter->runController(Object(App\Controllers\News))
 7 SYSTEMPATH/CodeIgniter.php(351): CodeIgniter\CodeIgniter->handleRequest(null, Object(Config\Cache), false)
 8 FCPATH/index.php(55): CodeIgniter\CodeIgniter->run()
 9 SYSTEMPATH/Commands/Server/rewrite.php(43): require_once('FCPATH/index.php')
CRITICAL - 2022-06-15 23:49:55 --> There is no data to update.
in SYSTEMPATH/BaseModel.php on line 1576.
 1 SYSTEMPATH/BaseModel.php(1576): CodeIgniter\Database\Exceptions\DataException::forEmptyDataset('update')
 2 SYSTEMPATH/BaseModel.php(832): CodeIgniter\BaseModel->transformDataToArray(null, 'update')
 3 SYSTEMPATH/Model.php(692): CodeIgniter\BaseModel->update([...], null)
 4 APPPATH/Controllers/News.php(98): CodeIgniter\Model->update([...])
 5 SYSTEMPATH/CodeIgniter.php(898): App\Controllers\News->update('test')
 6 SYSTEMPATH/CodeIgniter.php(468): CodeIgniter\CodeIgniter->runController(Object(App\Controllers\News))
 7 SYSTEMPATH/CodeIgniter.php(351): CodeIgniter\CodeIgniter->handleRequest(null, Object(Config\Cache), false)
 8 FCPATH/index.php(55): CodeIgniter\CodeIgniter->run()
 9 SYSTEMPATH/Commands/Server/rewrite.php(43): require_once('FCPATH/index.php')
CRITICAL - 2022-06-15 23:56:50 --> There is no data to update.
in SYSTEMPATH/BaseModel.php on line 1576.
 1 SYSTEMPATH/BaseModel.php(1576): CodeIgniter\Database\Exceptions\DataException::forEmptyDataset('update')
 2 SYSTEMPATH/BaseModel.php(832): CodeIgniter\BaseModel->transformDataToArray(null, 'update')
 3 SYSTEMPATH/Model.php(692): CodeIgniter\BaseModel->update([...], null)
 4 APPPATH/Controllers/News.php(97): CodeIgniter\Model->update([...])
 5 SYSTEMPATH/CodeIgniter.php(898): App\Controllers\News->update('test')
 6 SYSTEMPATH/CodeIgniter.php(468): CodeIgniter\CodeIgniter->runController(Object(App\Controllers\News))
 7 SYSTEMPATH/CodeIgniter.php(351): CodeIgniter\CodeIgniter->handleRequest(null, Object(Config\Cache), false)
 8 FCPATH/index.php(55): CodeIgniter\CodeIgniter->run()
 9 SYSTEMPATH/Commands/Server/rewrite.php(43): require_once('FCPATH/index.php')
CRITICAL - 2022-06-15 23:58:01 --> There is no data to update.
in SYSTEMPATH/BaseModel.php on line 1576.
 1 SYSTEMPATH/BaseModel.php(1576): CodeIgniter\Database\Exceptions\DataException::forEmptyDataset('update')
 2 SYSTEMPATH/BaseModel.php(832): CodeIgniter\BaseModel->transformDataToArray(null, 'update')
 3 SYSTEMPATH/Model.php(692): CodeIgniter\BaseModel->update([...], null)
 4 APPPATH/Controllers/News.php(97): CodeIgniter\Model->update([...])
 5 SYSTEMPATH/CodeIgniter.php(898): App\Controllers\News->update('test')
 6 SYSTEMPATH/CodeIgniter.php(468): CodeIgniter\CodeIgniter->runController(Object(App\Controllers\News))
 7 SYSTEMPATH/CodeIgniter.php(351): CodeIgniter\CodeIgniter->handleRequest(null, Object(Config\Cache), false)
 8 FCPATH/index.php(55): CodeIgniter\CodeIgniter->run()
 9 SYSTEMPATH/Commands/Server/rewrite.php(43): require_once('FCPATH/index.php')
